E:\MYPRJ\NPGA\NPGADEMO\DEBUG\LIBNPGA.EXE
E:\MYPRJ\NPGA\NPGADEMO\DEBUG\LIBNPGA.EXE.MANIFEST
E:\myPrj\NPGA\npgaDemo\Debug\libnpga.exp
E:\MYPRJ\NPGA\NPGADEMO\DEBUG\LIBNPGA.ILK
E:\myPrj\NPGA\npgaDemo\Debug\libnpga.lib
E:\MYPRJ\NPGA\NPGADEMO\DEBUG\LIBNPGA.PDB
E:\myPrj\NPGA\npgaDemo\npgaDemo\Debug\cl.command.1.tlog
E:\myPrj\NPGA\npgaDemo\npgaDemo\Debug\CL.read.1.tlog
E:\myPrj\NPGA\npgaDemo\npgaDemo\Debug\CL.write.1.tlog
E:\myPrj\NPGA\npgaDemo\npgaDemo\Debug\libnpga.dll.intermediate.manifest
E:\MYPRJ\NPGA\NPGADEMO\NPGADEMO\DEBUG\LIBNPGA.EXE.INTERMEDIATE.MANIFEST
E:\myPrj\NPGA\npgaDemo\npgaDemo\Debug\link.47676.read.1.tlog
E:\myPrj\NPGA\npgaDemo\npgaDemo\Debug\link.47676.write.1.tlog
E:\myPrj\NPGA\npgaDemo\npgaDemo\Debug\link.command.1.tlog
E:\myPrj\NPGA\npgaDemo\npgaDemo\Debug\link.read.1.tlog
E:\myPrj\NPGA\npgaDemo\npgaDemo\Debug\link.write.1.tlog
E:\MYPRJ\NPGA\NPGADEMO\NPGADEMO\DEBUG\MAIN.OBJ
E:\myPrj\NPGA\npgaDemo\npgaDemo\Debug\mt.command.1.tlog
E:\myPrj\NPGA\npgaDemo\npgaDemo\Debug\mt.read.1.tlog
E:\myPrj\NPGA\npgaDemo\npgaDemo\Debug\mt.write.1.tlog
E:\MYPRJ\NPGA\NPGADEMO\NPGADEMO\DEBUG\NPGA.OBJ
E:\myPrj\NPGA\npgaDemo\npgaDemo\Debug\npgaDemo.vcxprojResolveAssemblyReference.cache
E:\myPrj\NPGA\npgaDemo\npgaDemo\Debug\npgaDemo.write.1.tlog
E:\MYPRJ\NPGA\NPGADEMO\NPGADEMO\DEBUG\NSHARK.OBJ
E:\MYPRJ\NPGA\NPGADEMO\NPGADEMO\DEBUG\NTAP.OBJ
E:\myPrj\NPGA\npgaDemo\npgaDemo\Debug\vc100.idb
E:\MYPRJ\NPGA\NPGADEMO\NPGADEMO\DEBUG\VC100.PDB
E:\MYPRJ\NPGADEMO\NPGADEMO\DEBUG\LIBNPGA.DLL
E:\MYPRJ\NPGADEMO\NPGADEMO\DEBUG\LIBNPGA.DLL.MANIFEST
E:\myPrj\npgaDemo\npgaDemo\Debug\libnpga.exp
E:\MYPRJ\NPGADEMO\NPGADEMO\DEBUG\LIBNPGA.ILK
E:\myPrj\npgaDemo\npgaDemo\Debug\libnpga.lib
E:\MYPRJ\NPGADEMO\NPGADEMO\DEBUG\LIBNPGA.PDB
E:\MYPRJ\NPGADEMO\NPGADEMO\NPGADEMO\DEBUG\LIBNPGA.DLL.INTERMEDIATE.MANIFEST
E:\MYPRJ\NPGADEMO\NPGADEMO\NPGADEMO\DEBUG\MAIN.OBJ
E:\MYPRJ\NPGADEMO\NPGADEMO\NPGADEMO\DEBUG\NPGA.OBJ
E:\MYPRJ\NPGADEMO\NPGADEMO\NPGADEMO\DEBUG\NSHARK.OBJ
E:\MYPRJ\NPGADEMO\NPGADEMO\NPGADEMO\DEBUG\NTAP.OBJ
E:\MYPRJ\NPGADEMO\NPGADEMO\NPGADEMO\DEBUG\VC100.PDB
