E:\MYPRJ\NPGADEMO\NPGADEMO\DEBUG\NPGADEMO.DLL
E:\MYPRJ\NPGADEMO\NPGADEMO\DEBUG\NPGADEMO.DLL.MANIFEST
E:\MYPRJ\NPGADEMO\NPGADEMO\DEBUG\NPGADEMO.EXE.MANIFEST
E:\myPrj\npgaDemo\npgaDemo\Debug\npgaDemo.exp
E:\MYPRJ\NPGADEMO\NPGADEMO\DEBUG\NPGADEMO.ILK
E:\myPrj\npgaDemo\npgaDemo\Debug\npgaDemo.lib
E:\MYPRJ\NPGADEMO\NPGADEMO\DEBUG\NPGADEMO.PDB
E:\myPrj\npgaDemo\npgaDemo\npgaDemo\Debug\cl.command.1.tlog
E:\myPrj\npgaDemo\npgaDemo\npgaDemo\Debug\CL.read.1.tlog
E:\myPrj\npgaDemo\npgaDemo\npgaDemo\Debug\CL.write.1.tlog
E:\myPrj\npgaDemo\npgaDemo\npgaDemo\Debug\link.10512.read.1.tlog
E:\myPrj\npgaDemo\npgaDemo\npgaDemo\Debug\link.10512.write.1.tlog
E:\myPrj\npgaDemo\npgaDemo\npgaDemo\Debug\link.12700.read.1.tlog
E:\myPrj\npgaDemo\npgaDemo\npgaDemo\Debug\link.12700.write.1.tlog
E:\myPrj\npgaDemo\npgaDemo\npgaDemo\Debug\link.12812.read.1.tlog
E:\myPrj\npgaDemo\npgaDemo\npgaDemo\Debug\link.12812.write.1.tlog
E:\myPrj\npgaDemo\npgaDemo\npgaDemo\Debug\link.15692.read.1.tlog
E:\myPrj\npgaDemo\npgaDemo\npgaDemo\Debug\link.15692.write.1.tlog
E:\myPrj\npgaDemo\npgaDemo\npgaDemo\Debug\link.20716.read.1.tlog
E:\myPrj\npgaDemo\npgaDemo\npgaDemo\Debug\link.20716.write.1.tlog
E:\myPrj\npgaDemo\npgaDemo\npgaDemo\Debug\link.21036.read.1.tlog
E:\myPrj\npgaDemo\npgaDemo\npgaDemo\Debug\link.21036.write.1.tlog
E:\myPrj\npgaDemo\npgaDemo\npgaDemo\Debug\link.2528.read.1.tlog
E:\myPrj\npgaDemo\npgaDemo\npgaDemo\Debug\link.2528.write.1.tlog
E:\myPrj\npgaDemo\npgaDemo\npgaDemo\Debug\link.8676.read.1.tlog
E:\myPrj\npgaDemo\npgaDemo\npgaDemo\Debug\link.8676.write.1.tlog
E:\myPrj\npgaDemo\npgaDemo\npgaDemo\Debug\link.command.1.tlog
E:\myPrj\npgaDemo\npgaDemo\npgaDemo\Debug\link.read.1.tlog
E:\myPrj\npgaDemo\npgaDemo\npgaDemo\Debug\link.write.1.tlog
E:\MYPRJ\NPGADEMO\NPGADEMO\NPGADEMO\DEBUG\MAIN.OBJ
E:\myPrj\npgaDemo\npgaDemo\npgaDemo\Debug\mt.command.1.tlog
E:\myPrj\npgaDemo\npgaDemo\npgaDemo\Debug\mt.read.1.tlog
E:\myPrj\npgaDemo\npgaDemo\npgaDemo\Debug\mt.write.1.tlog
E:\MYPRJ\NPGADEMO\NPGADEMO\NPGADEMO\DEBUG\NPGA.OBJ
E:\MYPRJ\NPGADEMO\NPGADEMO\NPGADEMO\DEBUG\NPGADEMO.DLL.INTERMEDIATE.MANIFEST
E:\myPrj\npgaDemo\npgaDemo\npgaDemo\Debug\npgaDemo.exe.intermediate.manifest
E:\myPrj\npgaDemo\npgaDemo\npgaDemo\Debug\npgaDemo.vcxprojResolveAssemblyReference.cache
E:\myPrj\npgaDemo\npgaDemo\npgaDemo\Debug\npgaDemo.write.1.tlog
E:\MYPRJ\NPGADEMO\NPGADEMO\NPGADEMO\DEBUG\NSHARK.OBJ
E:\MYPRJ\NPGADEMO\NPGADEMO\NPGADEMO\DEBUG\NTAP.OBJ
E:\myPrj\npgaDemo\npgaDemo\npgaDemo\Debug\vc100.idb
E:\MYPRJ\NPGADEMO\NPGADEMO\NPGADEMO\DEBUG\VC100.PDB
